./a.out:1: MAJOR:C-O1
./star.c:46: MINOR:C-G2
./star.c:46: MINOR:C-L4
./star.c:50: MINOR:C-L3
./star.c:60: MINOR:C-G2
./star.c:60: MINOR:C-L4
./star.c:62: MINOR:C-L3
./star.c:65: MINOR:C-L3
./star.c:71: MINOR:C-L3
./star.c:83: MINOR:C-G2
./star.c:83: MAJOR:C-O3
./star.c:86: MINOR:C-L3
./star.c:91: MINOR:C-L3
./star.c:92: MINOR:C-L4
./star.c:97: MINOR:C-L3
./star.c:105: MINOR:C-G7
./star.c:105: MAJOR:C-O3
./star.c:108: MINOR:C-L3
./star.c:110: MINOR:C-L3
./star.c:116: MINOR:C-L3
./star.c:122: MINOR:C-G7
./star.c:126: INFO:C-A3
