./libmy.a:1: MAJOR:C-O1
./m_isneg.o:1: MAJOR:C-O1
./m_sort_int_array.o:1: MAJOR:C-O1
./my_compute_power_rec.o:1: MAJOR:C-O1
./my_compute_square_root.o:1: MAJOR:C-O1
./my_find_prime_sup.o:1: MAJOR:C-O1
./my_getnbr.o:1: MAJOR:C-O1
./my_is_prime.o:1: MAJOR:C-O1
./my_put_nbr.o:1: MAJOR:C-O1
./my_putchar.c~:1: MAJOR:C-O1
./my_putchar.o:1: MAJOR:C-O1
./my_putstr.o:1: MAJOR:C-O1
./my_revstr.o:1: MAJOR:C-O1
./my_showmem.o:1: MAJOR:C-O1
./my_showstr.o:1: MAJOR:C-O1
./my_str_isalpha.o:1: MAJOR:C-O1
./my_str_islower.o:1: MAJOR:C-O1
./my_str_isnum.o:1: MAJOR:C-O1
./my_str_isprintable.o:1: MAJOR:C-O1
./my_str_isupper.o:1: MAJOR:C-O1
./my_strcapitalize.o:1: MAJOR:C-O1
./my_strcat.o:1: MAJOR:C-O1
./my_strcmp.o:1: MAJOR:C-O1
./my_strcpy.o:1: MAJOR:C-O1
./my_strlen.o:1: MAJOR:C-O1
./my_strlowcase.o:1: MAJOR:C-O1
./my_strncat.o:1: MAJOR:C-O1
./my_strncmp.o:1: MAJOR:C-O1
./my_strstr.o:1: MAJOR:C-O1
./my_strupcase.o:1: MAJOR:C-O1
./my_swap.o:1: MAJOR:C-O1
